d:\file_exchange_projects\energy harvesting in iot\wsn_energy_harvesting_for_iot\src\simulation\zigbee\debug\vc141.pdb
d:\file_exchange_projects\energy harvesting in iot\wsn_energy_harvesting_for_iot\src\simulation\zigbee\debug\vc141.idb
d:\file_exchange_projects\energy harvesting in iot\wsn_energy_harvesting_for_iot\src\simulation\zigbee\debug\unslottedcsmaca.obj
d:\file_exchange_projects\energy harvesting in iot\wsn_energy_harvesting_for_iot\src\simulation\zigbee\debug\superframe.obj
d:\file_exchange_projects\energy harvesting in iot\wsn_energy_harvesting_for_iot\src\simulation\zigbee\debug\slottedcsmaca.obj
d:\file_exchange_projects\energy harvesting in iot\wsn_energy_harvesting_for_iot\src\simulation\zigbee\debug\sinrcalculation.obj
d:\file_exchange_projects\energy harvesting in iot\wsn_energy_harvesting_for_iot\src\simulation\zigbee\debug\locatebackoffboundary.obj
d:\file_exchange_projects\energy harvesting in iot\wsn_energy_harvesting_for_iot\src\simulation\zigbee\debug\changeradiostate.obj
d:\file_exchange_projects\energy harvesting in iot\wsn_energy_harvesting_for_iot\src\simulation\zigbee\debug\cca.obj
d:\file_exchange_projects\energy harvesting in iot\wsn_energy_harvesting_for_iot\src\simulation\zigbee\debug\bercalculation.obj
d:\file_exchange_projects\energy harvesting in iot\wsn_energy_harvesting_for_iot\src\simulation\zigbee\debug\backoffcalculation.obj
d:\file_exchange_projects\energy harvesting in iot\wsn_energy_harvesting_for_iot\src\simulation\zigbee\debug\802_15_4.obj
d:\file_exchange_projects\energy harvesting in iot\wsn_energy_harvesting_for_iot\bin\bin_x86\libzigbee.dll
d:\file_exchange_projects\energy harvesting in iot\wsn_energy_harvesting_for_iot\bin\bin_x86\zigbee.pdb
d:\file_exchange_projects\energy harvesting in iot\wsn_energy_harvesting_for_iot\bin\bin_x86\zigbee.lib
d:\file_exchange_projects\energy harvesting in iot\wsn_energy_harvesting_for_iot\bin\bin_x86\zigbee.exp
d:\file_exchange_projects\energy harvesting in iot\wsn_energy_harvesting_for_iot\src\simulation\zigbee\debug\zigbee.tlog\cl.command.1.tlog
d:\file_exchange_projects\energy harvesting in iot\wsn_energy_harvesting_for_iot\src\simulation\zigbee\debug\zigbee.tlog\cl.read.1.tlog
d:\file_exchange_projects\energy harvesting in iot\wsn_energy_harvesting_for_iot\src\simulation\zigbee\debug\zigbee.tlog\cl.write.1.tlog
d:\file_exchange_projects\energy harvesting in iot\wsn_energy_harvesting_for_iot\src\simulation\zigbee\debug\zigbee.tlog\link.command.1.tlog
d:\file_exchange_projects\energy harvesting in iot\wsn_energy_harvesting_for_iot\src\simulation\zigbee\debug\zigbee.tlog\link.read.1.tlog
d:\file_exchange_projects\energy harvesting in iot\wsn_energy_harvesting_for_iot\src\simulation\zigbee\debug\zigbee.tlog\link.write.1.tlog
d:\file_exchange_projects\energy harvesting in iot\wsn_energy_harvesting_for_iot\src\simulation\zigbee\debug\zigbee.tlog\zigbee.write.1u.tlog
