C:\Program Files (x86)\Microsoft Visual Studio\2017\Community\Common7\IDE\VC\VCTargets\Microsoft.CppBuild.targets(377,5): warning MSB8004: Output Directory does not end with a trailing slash.  This build instance will add the slash as it is required to allow proper evaluation of the Output Directory.
  802_15_4.c
d:\file_exchange_projects\energy harvesting in iot\wsn_energy_harvesting_for_iot\src\simulation\zigbee\802_15_4.c(503): warning C4013: 'calculate_eh' undefined; assuming extern returning int
  BackoffCalculation.c
  BERCalculation.c
  CCA.c
  ChangeRadioState.c
  LocateBackoffBoundary.c
  SINRCalculation.c
  SlottedCSMACA.c
  Superframe.c
  UnslottedCSMACA.c
  Generating Code...
d:\file_exchange_projects\energy harvesting in iot\wsn_energy_harvesting_for_iot\src\simulation\zigbee\changeradiostate.c(54): warning C4716: 'calculate_eh': must return a value
C:\Program Files (x86)\Microsoft Visual Studio\2017\Community\Common7\IDE\VC\VCTargets\Microsoft.CppBuild.targets(1205,5): warning MSB8012: TargetPath(D:\File_Exchange_Projects\Energy Harvesting in IoT\WSN_Energy_Harvesting_For_IoT\src\Simulation\ZigBee\..\..\..\bin\bin_x64\ZigBee.dll) does not match the Linker's OutputFile property value (D:\File_Exchange_Projects\Energy Harvesting in IoT\WSN_Energy_Harvesting_For_IoT\bin\bin_x64\libZigBee.dll). This may cause your project to build incorrectly. To correct this, please make sure that $(OutDir), $(TargetName) and $(TargetExt) property values match the value specified in %(Link.OutputFile).
C:\Program Files (x86)\Microsoft Visual Studio\2017\Community\Common7\IDE\VC\VCTargets\Microsoft.CppBuild.targets(1207,5): warning MSB8012: TargetName(ZigBee) does not match the Linker's OutputFile property value (libZigBee). This may cause your project to build incorrectly. To correct this, please make sure that $(OutDir), $(TargetName) and $(TargetExt) property values match the value specified in %(Link.OutputFile).
802_15_4.obj : warning LNK4075: ignoring '/EDITANDCONTINUE' due to '/INCREMENTAL:NO' specification
  Zigbee.lib(802_15_4_lib.obj) : MSIL .netmodule or module compiled with /GL found; restarting link with /LTCG; add /LTCG to the link command line to improve linker performance
802_15_4.obj : warning LNK4075: ignoring '/EDITANDCONTINUE' due to '/INCREMENTAL:NO' specification
     Creating library ..\..\..\bin\bin_x64\ZigBee.lib and object ..\..\..\bin\bin_x64\ZigBee.exp
LINK : warning LNK4098: defaultlib 'MSVCRT' conflicts with use of other libs; use /NODEFAULTLIB:library
  Generating code
  Finished generating code
Zigbee.lib(802_15_4_lib.obj) : warning LNK4099: PDB 'ZigbeeLib.pdb' was not found with 'Zigbee.lib(802_15_4_lib.obj)' or at 'D:\File_Exchange_Projects\Energy Harvesting in IoT\WSN_Energy_Harvesting_For_IoT\bin\bin_x64\ZigbeeLib.pdb'; linking object as if no debug info
  ZigBee.vcxproj -> D:\File_Exchange_Projects\Energy Harvesting in IoT\WSN_Energy_Harvesting_For_IoT\src\Simulation\ZigBee\..\..\..\bin\bin_x64\ZigBee.dll
